{
  "RSpec": {
    "coverage": {
      "/Users/nabilo/code/projects/week6/Makers-BNB/spec/database_connection_spec.rb": [
        1,
        null,
        1,
        1,
        1,
        0,
        null,
        0,
        null,
        null,
        1,
        null,
        0,
        0,
        null,
        null,
        null,
        1,
        1,
        0,
        0,
        0,
        null,
        null,
        null
      ],
      "/Users/nabilo/code/projects/week6/Makers-BNB/spec/datbase_handler_spec.rb": [
        1,
        1,
        1,
        null,
        1,
        1,
        1,
        0,
        0,
        0,
        0,
        0,
        0,
        null,
        null,
        null,
        1,
        1,
        0,
        0,
        0,
        0,
        0,
        0,
        0,
        null,
        null,
        null,
        null,
        null
      ]
    },
    "timestamp": 1531997852
  }
}
