{
  "RSpec": {
    "coverage": {
      "/Users/nabilo/code/projects/week6/airbnb/Makers-BNB/spec/database_connection_spec.rb": [
        1,
        null,
        1,
        1,
        1,
        1,
        null,
        1,
        null,
        null,
        1,
        null,
        1,
        1,
        null,
        null,
        null,
        1,
        1,
        1,
        1,
        1,
        null,
        null,
        null
      ],
      "/Users/nabilo/code/projects/week6/airbnb/Makers-BNB/lib/database_connection.rb": [
        1,
        null,
        1,
        null,
        1,
        3,
        null,
        null,
        1,
        1,
        null,
        null,
        1,
        3,
        null,
        null
      ],
      "/Users/nabilo/code/projects/week6/airbnb/Makers-BNB/spec/datbase_handler_spec.rb": [
        1,
        1,
        1,
        null,
        null,
        1,
        1,
        1,
        1,
        1,
        1,
        2,
        2,
        2,
        null,
        null,
        null,
        null,
        null,
        null
      ],
      "/Users/nabilo/code/projects/week6/airbnb/Makers-BNB/lib/database_handler.rb": [
        1,
        null,
        1,
        1,
        1,
        null,
        null,
        null,
        null
      ]
    },
    "timestamp": 1531923717
  }
}
